{"uuid":"ee0be423-bf7e-484f-bd2e-aa482e88c813","historyId":"9bc7a07e74ab9cfaa671bd573b50bab8","fullName":"tests.TestCases.RestAssuredtests","labels":[{"name":"package","value":"tests.TestCases"},{"name":"testClass","value":"tests.TestCases"},{"name":"testMethod","value":"RestAssuredtests"},{"name":"parentSuite","value":"Suite"},{"name":"suite","value":"Test"},{"name":"subSuite","value":"tests.TestCases"},{"name":"host","value":"LAPTOP-274IQSMN"},{"name":"thread","value":"84060@LAPTOP-274IQSMN.main(1)"},{"name":"framework","value":"testng"},{"name":"language","value":"java"}],"links":[],"name":"RestAssuredtests","status":"broken","statusDetails":{"known":false,"muted":false,"flaky":false,"message":"Error communicating with the remote browser. It may have died.\nBuild info: version: '4.0.0', revision: '3a21814679'\nSystem info: host: 'LAPTOP-274IQSMN', ip: '10.0.0.44', os.name: 'Windows 10', os.arch: 'amd64', os.version: '10.0', java.version: '16.0.2'\nDriver info: org.openqa.selenium.chrome.ChromeDriver\nCommand: [3d5b8d440fc8f6b6aef98061baad08ea, switchToFrame {id={ELEMENT=99fa2115-1f5d-42cc-b9ca-b93eefd14f28, element-6066-11e4-a52e-4f735466cecf=99fa2115-1f5d-42cc-b9ca-b93eefd14f28}}]\nCapabilities {acceptInsecureCerts: false, browserName: chrome, browserVersion: 99.0.4844.51, chrome: {chromedriverVersion: 99.0.4844.51 (d537ec02474b5..., userDataDir: C:\\Users\\balad\\AppData\\Loca...}, goog:chromeOptions: {debuggerAddress: localhost:50157}, javascriptEnabled: true, networkConnectionEnabled: false, pageLoadStrategy: normal, platform: WINDOWS, platformName: WINDOWS, proxy: Proxy(), se:cdp: ws://localhost:50157/devtoo..., se:cdpVersion: 99.0.4844.51, setWindowRect: true, strictFileInteractability: false, timeouts: {implicit: 0, pageLoad: 300000, script: 30000}, unhandledPromptBehavior: dismiss and notify, webauthn:extension:credBlob: true, webauthn:extension:largeBlob: true, webauthn:virtualAuthenticators: true}\nSession ID: 3d5b8d440fc8f6b6aef98061baad08ea","trace":"org.openqa.selenium.remote.UnreachableBrowserException: Error communicating with the remote browser. It may have died.\nBuild info: version: '4.0.0', revision: '3a21814679'\nSystem info: host: 'LAPTOP-274IQSMN', ip: '10.0.0.44', os.name: 'Windows 10', os.arch: 'amd64', os.version: '10.0', java.version: '16.0.2'\nDriver info: org.openqa.selenium.chrome.ChromeDriver\nCommand: [3d5b8d440fc8f6b6aef98061baad08ea, switchToFrame {id={ELEMENT=99fa2115-1f5d-42cc-b9ca-b93eefd14f28, element-6066-11e4-a52e-4f735466cecf=99fa2115-1f5d-42cc-b9ca-b93eefd14f28}}]\nCapabilities {acceptInsecureCerts: false, browserName: chrome, browserVersion: 99.0.4844.51, chrome: {chromedriverVersion: 99.0.4844.51 (d537ec02474b5..., userDataDir: C:\\Users\\balad\\AppData\\Loca...}, goog:chromeOptions: {debuggerAddress: localhost:50157}, javascriptEnabled: true, networkConnectionEnabled: false, pageLoadStrategy: normal, platform: WINDOWS, platformName: WINDOWS, proxy: Proxy(), se:cdp: ws://localhost:50157/devtoo..., se:cdpVersion: 99.0.4844.51, setWindowRect: true, strictFileInteractability: false, timeouts: {implicit: 0, pageLoad: 300000, script: 30000}, unhandledPromptBehavior: dismiss and notify, webauthn:extension:credBlob: true, webauthn:extension:largeBlob: true, webauthn:virtualAuthenticators: true}\nSession ID: 3d5b8d440fc8f6b6aef98061baad08ea\r\n\tat org.openqa.selenium.remote.RemoteWebDriver.execute(RemoteWebDriver.java:583)\r\n\tat org.openqa.selenium.remote.RemoteWebDriver$RemoteTargetLocator.frame(RemoteWebDriver.java:997)\r\n\tat pageobjects.Indeed_pageObjects.frame(Indeed_pageObjects.java:148)\r\n\tat pageobjects.Indeed_pageObjects.ScrapData(Indeed_pageObjects.java:223)\r\n\tat tests.TestCases.RestAssuredtests(TestCases.java:65)\r\n\tat java.base/jdk.internal.reflect.NativeMethodAccessorImpl.invoke0(Native Method)\r\n\tat java.base/jdk.internal.reflect.NativeMethodAccessorImpl.invoke(NativeMethodAccessorImpl.java:78)\r\n\tat java.base/jdk.internal.reflect.DelegatingMethodAccessorImpl.invoke(DelegatingMethodAccessorImpl.java:43)\r\n\tat java.base/java.lang.reflect.Method.invoke(Method.java:567)\r\n\tat org.testng.internal.MethodInvocationHelper.invokeMethod(MethodInvocationHelper.java:133)\r\n\tat org.testng.internal.TestInvoker.invokeMethod(TestInvoker.java:598)\r\n\tat org.testng.internal.TestInvoker.invokeTestMethod(TestInvoker.java:173)\r\n\tat org.testng.internal.MethodRunner.runInSequence(MethodRunner.java:46)\r\n\tat org.testng.internal.TestInvoker$MethodInvocationAgent.invoke(TestInvoker.java:824)\r\n\tat org.testng.internal.TestInvoker.invokeTestMethods(TestInvoker.java:146)\r\n\tat org.testng.internal.TestMethodWorker.invokeTestMethods(TestMethodWorker.java:146)\r\n\tat org.testng.internal.TestMethodWorker.run(TestMethodWorker.java:128)\r\n\tat java.base/java.util.ArrayList.forEach(ArrayList.java:1511)\r\n\tat org.testng.TestRunner.privateRun(TestRunner.java:794)\r\n\tat org.testng.TestRunner.run(TestRunner.java:596)\r\n\tat org.testng.SuiteRunner.runTest(SuiteRunner.java:377)\r\n\tat org.testng.SuiteRunner.runSequentially(SuiteRunner.java:371)\r\n\tat org.testng.SuiteRunner.privateRun(SuiteRunner.java:332)\r\n\tat org.testng.SuiteRunner.run(SuiteRunner.java:276)\r\n\tat org.testng.SuiteRunnerWorker.runSuite(SuiteRunnerWorker.java:53)\r\n\tat org.testng.SuiteRunnerWorker.run(SuiteRunnerWorker.java:96)\r\n\tat org.testng.TestNG.runSuitesSequentially(TestNG.java:1212)\r\n\tat org.testng.TestNG.runSuitesLocally(TestNG.java:1134)\r\n\tat org.testng.TestNG.runSuites(TestNG.java:1063)\r\n\tat org.testng.TestNG.run(TestNG.java:1031)\r\n\tat org.testng.remote.AbstractRemoteTestNG.run(AbstractRemoteTestNG.java:115)\r\n\tat org.testng.remote.RemoteTestNG.initAndRun(RemoteTestNG.java:251)\r\n\tat org.testng.remote.RemoteTestNG.main(RemoteTestNG.java:77)\r\nCaused by: java.lang.RuntimeException: NettyHttpHandler request execution error\r\n\tat org.openqa.selenium.remote.http.netty.NettyHttpHandler.makeCall(NettyHttpHandler.java:83)\r\n\tat org.openqa.selenium.remote.http.AddSeleniumUserAgent.lambda$apply$0(AddSeleniumUserAgent.java:42)\r\n\tat org.openqa.selenium.remote.http.Filter.lambda$andFinally$1(Filter.java:56)\r\n\tat org.openqa.selenium.remote.http.netty.NettyHttpHandler.execute(NettyHttpHandler.java:51)\r\n\tat org.openqa.selenium.remote.http.AddSeleniumUserAgent.lambda$apply$0(AddSeleniumUserAgent.java:42)\r\n\tat org.openqa.selenium.remote.http.Filter.lambda$andFinally$1(Filter.java:56)\r\n\tat org.openqa.selenium.remote.http.netty.NettyClient.execute(NettyClient.java:119)\r\n\tat org.openqa.selenium.remote.HttpCommandExecutor.execute(HttpCommandExecutor.java:181)\r\n\tat org.openqa.selenium.remote.service.DriverCommandExecutor.invokeExecute(DriverCommandExecutor.java:164)\r\n\tat org.openqa.selenium.remote.service.DriverCommandExecutor.execute(DriverCommandExecutor.java:139)\r\n\tat org.openqa.selenium.remote.RemoteWebDriver.execute(RemoteWebDriver.java:559)\r\n\t... 32 more\r\nCaused by: java.util.concurrent.ExecutionException: java.util.concurrent.TimeoutException: Request timeout to localhost/127.0.0.1:55335 after 180000 ms\r\n\tat java.base/java.util.concurrent.CompletableFuture.reportGet(CompletableFuture.java:395)\r\n\tat java.base/java.util.concurrent.CompletableFuture.get(CompletableFuture.java:2092)\r\n\tat org.asynchttpclient.netty.NettyResponseFuture.get(NettyResponseFuture.java:206)\r\n\tat org.openqa.selenium.remote.http.netty.NettyHttpHandler.makeCall(NettyHttpHandler.java:66)\r\n\t... 42 more\r\nCaused by: java.util.concurrent.TimeoutException: Request timeout to localhost/127.0.0.1:55335 after 180000 ms\r\n\tat org.asynchttpclient.netty.timeout.TimeoutTimerTask.expire(TimeoutTimerTask.java:43)\r\n\tat org.asynchttpclient.netty.timeout.RequestTimeoutTimerTask.run(RequestTimeoutTimerTask.java:50)\r\n\tat io.netty.util.HashedWheelTimer$HashedWheelTimeout.expire(HashedWheelTimer.java:669)\r\n\tat io.netty.util.HashedWheelTimer$HashedWheelBucket.expireTimeouts(HashedWheelTimer.java:744)\r\n\tat io.netty.util.HashedWheelTimer$Worker.run(HashedWheelTimer.java:469)\r\n\tat io.netty.util.concurrent.FastThreadLocalRunnable.run(FastThreadLocalRunnable.java:30)\r\n\tat java.base/java.lang.Thread.run(Thread.java:831)\r\n"},"stage":"finished","steps":[],"attachments":[],"parameters":[],"start":1647270740481,"stop":1647272296057}